[INFO] Scanning for projects...
[INFO] 
[INFO] -------------------< com.retailer:retailer-rewards >--------------------
[INFO] Building retailer-rewards 0.0.1-SNAPSHOT
[INFO] --------------------------------[ jar ]---------------------------------
[INFO] 
[INFO] --- maven-clean-plugin:3.1.0:clean (default-clean) @ retailer-rewards ---
[INFO] Deleting C:\My Projrct\retailer-rewards\target
[INFO] 
[INFO] --- maven-resources-plugin:3.2.0:resources (default-resources) @ retailer-rewards ---
[INFO] Using 'UTF-8' encoding to copy filtered resources.
[INFO] Using 'UTF-8' encoding to copy filtered properties files.
[INFO] Copying 1 resource
[INFO] Copying 2 resources
[INFO] 
[INFO] --- maven-compiler-plugin:3.8.1:compile (default-compile) @ retailer-rewards ---
[INFO] Changes detected - recompiling the module!
[INFO] Compiling 13 source files to C:\My Projrct\retailer-rewards\target\classes
[INFO] /C:/My Projrct/retailer-rewards/src/main/java/com/retailer/adapter/SwaggerConfig.java: C:\My Projrct\retailer-rewards\src\main\java\com\retailer\adapter\SwaggerConfig.java uses or overrides a deprecated API.
[INFO] /C:/My Projrct/retailer-rewards/src/main/java/com/retailer/adapter/SwaggerConfig.java: Recompile with -Xlint:deprecation for details.
[INFO] 
[INFO] --- maven-resources-plugin:3.2.0:testResources (default-testResources) @ retailer-rewards ---
[INFO] Using 'UTF-8' encoding to copy filtered resources.
[INFO] Using 'UTF-8' encoding to copy filtered properties files.
[INFO] skip non existing resourceDirectory C:\My Projrct\retailer-rewards\src\test\resources
[INFO] 
[INFO] --- maven-compiler-plugin:3.8.1:testCompile (default-testCompile) @ retailer-rewards ---
[INFO] Changes detected - recompiling the module!
[INFO] Compiling 5 source files to C:\My Projrct\retailer-rewards\target\test-classes
[INFO] -------------------------------------------------------------
[ERROR] COMPILATION ERROR : 
[INFO] -------------------------------------------------------------
[ERROR] /C:/My Projrct/retailer-rewards/src/test/java/com/retailer/model/RewardReportTests.java:[5,17] package org.junit does not exist
[ERROR] /C:/My Projrct/retailer-rewards/src/test/java/com/retailer/model/RewardReportTests.java:[6,24] package org.junit.runner does not exist
[ERROR] /C:/My Projrct/retailer-rewards/src/test/java/com/retailer/model/RewardReportTests.java:[10,2] cannot find symbol
  symbol: class RunWith
[ERROR] /C:/My Projrct/retailer-rewards/src/test/java/com/retailer/util/RewardCalculatorUtilTest.java:[8,17] cannot find symbol
  symbol:   class Test
  location: package org.junit
[ERROR] /C:/My Projrct/retailer-rewards/src/test/java/com/retailer/util/RewardCalculatorUtilTest.java:[9,24] package org.junit.runner does not exist
[ERROR] /C:/My Projrct/retailer-rewards/src/test/java/com/retailer/util/RewardCalculatorUtilTest.java:[17,2] cannot find symbol
  symbol: class RunWith
[ERROR] /C:/My Projrct/retailer-rewards/src/test/java/com/retailer/controller/RewardsControllerTest.java:[6,17] cannot find symbol
  symbol:   class Test
  location: package org.junit
[ERROR] /C:/My Projrct/retailer-rewards/src/test/java/com/retailer/controller/RewardsControllerTest.java:[7,24] package org.junit.runner does not exist
[ERROR] /C:/My Projrct/retailer-rewards/src/test/java/com/retailer/controller/RewardsControllerTest.java:[17,2] cannot find symbol
  symbol: class RunWith
[ERROR] /C:/My Projrct/retailer-rewards/src/test/java/com/retailer/service/RewardsServiceImplTest.java:[6,17] cannot find symbol
  symbol:   class Test
  location: package org.junit
[ERROR] /C:/My Projrct/retailer-rewards/src/test/java/com/retailer/service/RewardsServiceImplTest.java:[7,24] package org.junit.runner does not exist
[ERROR] /C:/My Projrct/retailer-rewards/src/test/java/com/retailer/service/RewardsServiceImplTest.java:[19,2] cannot find symbol
  symbol: class RunWith
[ERROR] /C:/My Projrct/retailer-rewards/src/test/java/com/retailer/model/RewardReportTests.java:[16,10] cannot find symbol
  symbol:   class Test
  location: class com.retailer.model.RewardReportTests
[ERROR] /C:/My Projrct/retailer-rewards/src/test/java/com/retailer/model/RewardReportTests.java:[22,10] cannot find symbol
  symbol:   class Test
  location: class com.retailer.model.RewardReportTests
[ERROR] /C:/My Projrct/retailer-rewards/src/test/java/com/retailer/model/RewardReportTests.java:[27,10] cannot find symbol
  symbol:   class Test
  location: class com.retailer.model.RewardReportTests
[ERROR] /C:/My Projrct/retailer-rewards/src/test/java/com/retailer/model/RewardReportTests.java:[32,10] cannot find symbol
  symbol:   class Test
  location: class com.retailer.model.RewardReportTests
[ERROR] /C:/My Projrct/retailer-rewards/src/test/java/com/retailer/model/RewardReportTests.java:[37,10] cannot find symbol
  symbol:   class Test
  location: class com.retailer.model.RewardReportTests
[ERROR] /C:/My Projrct/retailer-rewards/src/test/java/com/retailer/model/RewardReportTests.java:[44,10] cannot find symbol
  symbol:   class Test
  location: class com.retailer.model.RewardReportTests
[ERROR] /C:/My Projrct/retailer-rewards/src/test/java/com/retailer/model/RewardReportTests.java:[49,10] cannot find symbol
  symbol:   class Test
  location: class com.retailer.model.RewardReportTests
[ERROR] /C:/My Projrct/retailer-rewards/src/test/java/com/retailer/model/RewardReportTests.java:[54,10] cannot find symbol
  symbol:   class Test
  location: class com.retailer.model.RewardReportTests
[ERROR] /C:/My Projrct/retailer-rewards/src/test/java/com/retailer/util/RewardCalculatorUtilTest.java:[26,10] cannot find symbol
  symbol:   class Test
  location: class com.retailer.util.RewardCalculatorUtilTest
[ERROR] /C:/My Projrct/retailer-rewards/src/test/java/com/retailer/util/RewardCalculatorUtilTest.java:[37,10] cannot find symbol
  symbol:   class Test
  location: class com.retailer.util.RewardCalculatorUtilTest
[ERROR] /C:/My Projrct/retailer-rewards/src/test/java/com/retailer/controller/RewardsControllerTest.java:[26,10] cannot find symbol
  symbol:   class Test
  location: class com.retailer.controller.RewardsControllerTest
[ERROR] /C:/My Projrct/retailer-rewards/src/test/java/com/retailer/controller/RewardsControllerTest.java:[35,10] cannot find symbol
  symbol:   class Test
  location: class com.retailer.controller.RewardsControllerTest
[ERROR] /C:/My Projrct/retailer-rewards/src/test/java/com/retailer/service/RewardsServiceImplTest.java:[31,10] cannot find symbol
  symbol:   class Test
  location: class com.retailer.service.RewardsServiceImplTest
[ERROR] /C:/My Projrct/retailer-rewards/src/test/java/com/retailer/service/RewardsServiceImplTest.java:[45,10] cannot find symbol
  symbol:   class Test
  location: class com.retailer.service.RewardsServiceImplTest
[ERROR] /C:/My Projrct/retailer-rewards/src/test/java/com/retailer/service/RewardsServiceImplTest.java:[53,10] cannot find symbol
  symbol:   class Test
  location: class com.retailer.service.RewardsServiceImplTest
[ERROR] /C:/My Projrct/retailer-rewards/src/test/java/com/retailer/service/RewardsServiceImplTest.java:[72,10] cannot find symbol
  symbol:   class Test
  location: class com.retailer.service.RewardsServiceImplTest
[INFO] 28 errors 
[INFO] -------------------------------------------------------------
[INFO] ------------------------------------------------------------------------
[INFO] BUILD FAILURE
[INFO] ------------------------------------------------------------------------
[INFO] Total time:  8.088 s
[INFO] Finished at: 2022-03-24T22:32:21-04:00
[INFO] ------------------------------------------------------------------------
[ERROR] Failed to execute goal org.apache.maven.plugins:maven-compiler-plugin:3.8.1:testCompile (default-testCompile) on project retailer-rewards: Compilation failure: Compilation failure: 
[ERROR] /C:/My Projrct/retailer-rewards/src/test/java/com/retailer/model/RewardReportTests.java:[5,17] package org.junit does not exist
[ERROR] /C:/My Projrct/retailer-rewards/src/test/java/com/retailer/model/RewardReportTests.java:[6,24] package org.junit.runner does not exist
[ERROR] /C:/My Projrct/retailer-rewards/src/test/java/com/retailer/model/RewardReportTests.java:[10,2] cannot find symbol
[ERROR]   symbol: class RunWith
[ERROR] /C:/My Projrct/retailer-rewards/src/test/java/com/retailer/util/RewardCalculatorUtilTest.java:[8,17] cannot find symbol
[ERROR]   symbol:   class Test
[ERROR]   location: package org.junit
[ERROR] /C:/My Projrct/retailer-rewards/src/test/java/com/retailer/util/RewardCalculatorUtilTest.java:[9,24] package org.junit.runner does not exist
[ERROR] /C:/My Projrct/retailer-rewards/src/test/java/com/retailer/util/RewardCalculatorUtilTest.java:[17,2] cannot find symbol
[ERROR]   symbol: class RunWith
[ERROR] /C:/My Projrct/retailer-rewards/src/test/java/com/retailer/controller/RewardsControllerTest.java:[6,17] cannot find symbol
[ERROR]   symbol:   class Test
[ERROR]   location: package org.junit
[ERROR] /C:/My Projrct/retailer-rewards/src/test/java/com/retailer/controller/RewardsControllerTest.java:[7,24] package org.junit.runner does not exist
[ERROR] /C:/My Projrct/retailer-rewards/src/test/java/com/retailer/controller/RewardsControllerTest.java:[17,2] cannot find symbol
[ERROR]   symbol: class RunWith
[ERROR] /C:/My Projrct/retailer-rewards/src/test/java/com/retailer/service/RewardsServiceImplTest.java:[6,17] cannot find symbol
[ERROR]   symbol:   class Test
[ERROR]   location: package org.junit
[ERROR] /C:/My Projrct/retailer-rewards/src/test/java/com/retailer/service/RewardsServiceImplTest.java:[7,24] package org.junit.runner does not exist
[ERROR] /C:/My Projrct/retailer-rewards/src/test/java/com/retailer/service/RewardsServiceImplTest.java:[19,2] cannot find symbol
[ERROR]   symbol: class RunWith
[ERROR] /C:/My Projrct/retailer-rewards/src/test/java/com/retailer/model/RewardReportTests.java:[16,10] cannot find symbol
[ERROR]   symbol:   class Test
[ERROR]   location: class com.retailer.model.RewardReportTests
[ERROR] /C:/My Projrct/retailer-rewards/src/test/java/com/retailer/model/RewardReportTests.java:[22,10] cannot find symbol
[ERROR]   symbol:   class Test
[ERROR]   location: class com.retailer.model.RewardReportTests
[ERROR] /C:/My Projrct/retailer-rewards/src/test/java/com/retailer/model/RewardReportTests.java:[27,10] cannot find symbol
[ERROR]   symbol:   class Test
[ERROR]   location: class com.retailer.model.RewardReportTests
[ERROR] /C:/My Projrct/retailer-rewards/src/test/java/com/retailer/model/RewardReportTests.java:[32,10] cannot find symbol
[ERROR]   symbol:   class Test
[ERROR]   location: class com.retailer.model.RewardReportTests
[ERROR] /C:/My Projrct/retailer-rewards/src/test/java/com/retailer/model/RewardReportTests.java:[37,10] cannot find symbol
[ERROR]   symbol:   class Test
[ERROR]   location: class com.retailer.model.RewardReportTests
[ERROR] /C:/My Projrct/retailer-rewards/src/test/java/com/retailer/model/RewardReportTests.java:[44,10] cannot find symbol
[ERROR]   symbol:   class Test
[ERROR]   location: class com.retailer.model.RewardReportTests
[ERROR] /C:/My Projrct/retailer-rewards/src/test/java/com/retailer/model/RewardReportTests.java:[49,10] cannot find symbol
[ERROR]   symbol:   class Test
[ERROR]   location: class com.retailer.model.RewardReportTests
[ERROR] /C:/My Projrct/retailer-rewards/src/test/java/com/retailer/model/RewardReportTests.java:[54,10] cannot find symbol
[ERROR]   symbol:   class Test
[ERROR]   location: class com.retailer.model.RewardReportTests
[ERROR] /C:/My Projrct/retailer-rewards/src/test/java/com/retailer/util/RewardCalculatorUtilTest.java:[26,10] cannot find symbol
[ERROR]   symbol:   class Test
[ERROR]   location: class com.retailer.util.RewardCalculatorUtilTest
[ERROR] /C:/My Projrct/retailer-rewards/src/test/java/com/retailer/util/RewardCalculatorUtilTest.java:[37,10] cannot find symbol
[ERROR]   symbol:   class Test
[ERROR]   location: class com.retailer.util.RewardCalculatorUtilTest
[ERROR] /C:/My Projrct/retailer-rewards/src/test/java/com/retailer/controller/RewardsControllerTest.java:[26,10] cannot find symbol
[ERROR]   symbol:   class Test
[ERROR]   location: class com.retailer.controller.RewardsControllerTest
[ERROR] /C:/My Projrct/retailer-rewards/src/test/java/com/retailer/controller/RewardsControllerTest.java:[35,10] cannot find symbol
[ERROR]   symbol:   class Test
[ERROR]   location: class com.retailer.controller.RewardsControllerTest
[ERROR] /C:/My Projrct/retailer-rewards/src/test/java/com/retailer/service/RewardsServiceImplTest.java:[31,10] cannot find symbol
[ERROR]   symbol:   class Test
[ERROR]   location: class com.retailer.service.RewardsServiceImplTest
[ERROR] /C:/My Projrct/retailer-rewards/src/test/java/com/retailer/service/RewardsServiceImplTest.java:[45,10] cannot find symbol
[ERROR]   symbol:   class Test
[ERROR]   location: class com.retailer.service.RewardsServiceImplTest
[ERROR] /C:/My Projrct/retailer-rewards/src/test/java/com/retailer/service/RewardsServiceImplTest.java:[53,10] cannot find symbol
[ERROR]   symbol:   class Test
[ERROR]   location: class com.retailer.service.RewardsServiceImplTest
[ERROR] /C:/My Projrct/retailer-rewards/src/test/java/com/retailer/service/RewardsServiceImplTest.java:[72,10] cannot find symbol
[ERROR]   symbol:   class Test
[ERROR]   location: class com.retailer.service.RewardsServiceImplTest
[ERROR] -> [Help 1]
[ERROR] 
[ERROR] To see the full stack trace of the errors, re-run Maven with the -e switch.
[ERROR] Re-run Maven using the -X switch to enable full debug logging.
[ERROR] 
[ERROR] For more information about the errors and possible solutions, please read the following articles:
[ERROR] [Help 1] http://cwiki.apache.org/confluence/display/MAVEN/MojoFailureException
